<?xml version="1.0" encoding="UTF-8"?>
<robot generator="Robot 3.1.2 (Python 3.7.6 on darwin)" generated="20200224 17:00:40.092" rpa="false">
<suite id="s1" name="Product" source="/Users/suyashlohia/Desktop/Zwing_Portal/Product_Page/product.robot">
<test id="s1-t1" name="Open Browser">
<kw name="Open Browser To Login Page">
<kw name="Open Browser" library="SeleniumLibrary">
<doc>Opens a new browser instance to the optional ``url``.</doc>
<arguments>
<arg>${HOMEPAGE}</arg>
<arg>${BROWSER}</arg>
</arguments>
<msg timestamp="20200224 17:00:40.628" level="INFO">Opening browser 'chrome' to base url 'https://test.console.gozwing.com/admin/'.</msg>
<status status="PASS" starttime="20200224 17:00:40.628" endtime="20200224 17:00:45.144"></status>
</kw>
<kw name="Maximize Browser Window" library="SeleniumLibrary">
<doc>Maximizes current browser window.</doc>
<status status="PASS" starttime="20200224 17:00:45.145" endtime="20200224 17:00:45.288"></status>
</kw>
<kw name="Input Text" library="SeleniumLibrary">
<doc>Types the given ``text`` into the text field identified by ``locator``.</doc>
<arguments>
<arg>name:identity</arg>
<arg>testorg2@zwing.in</arg>
<arg>clear=True</arg>
</arguments>
<msg timestamp="20200224 17:00:45.289" level="INFO">Typing text 'testorg2@zwing.in' into text field 'name:identity'.</msg>
<status status="PASS" starttime="20200224 17:00:45.288" endtime="20200224 17:00:45.518"></status>
</kw>
<kw name="Input Password" library="SeleniumLibrary">
<doc>Types the given password into the text field identified by ``locator``.</doc>
<arguments>
<arg>name:password</arg>
<arg>123456</arg>
<arg>clear =True</arg>
</arguments>
<msg timestamp="20200224 17:00:45.518" level="INFO">Typing password into text field 'name:password'.</msg>
<msg timestamp="20200224 17:00:45.549" level="INFO">Temporally setting log level to: NONE</msg>
<msg timestamp="20200224 17:00:45.587" level="INFO">Log level changed from NONE to INFO.</msg>
<status status="PASS" starttime="20200224 17:00:45.518" endtime="20200224 17:00:45.587"></status>
</kw>
<kw name="Click Button" library="SeleniumLibrary">
<doc>Clicks the button identified by ``locator``.</doc>
<arguments>
<arg>class:btn</arg>
</arguments>
<msg timestamp="20200224 17:00:45.587" level="INFO">Clicking button 'class:btn'.</msg>
<status status="PASS" starttime="20200224 17:00:45.587" endtime="20200224 17:00:48.501"></status>
</kw>
<status status="PASS" starttime="20200224 17:00:40.628" endtime="20200224 17:00:48.501"></status>
</kw>
<kw name="Open Browser to Product and Categories">
<kw name="Sleep" library="BuiltIn">
<doc>Pauses the test executed for the given time.</doc>
<arguments>
<arg>2s</arg>
</arguments>
<msg timestamp="20200224 17:00:50.505" level="INFO">Slept 2 seconds</msg>
<status status="PASS" starttime="20200224 17:00:48.502" endtime="20200224 17:00:50.505"></status>
</kw>
<kw name="Click Element" library="SeleniumLibrary">
<doc>Click the element identified by ``locator``.</doc>
<arguments>
<arg>//a[@class='phpdebugbar-close-btn']</arg>
</arguments>
<msg timestamp="20200224 17:00:50.506" level="INFO">Clicking element '//a[@class='phpdebugbar-close-btn']'.</msg>
<status status="PASS" starttime="20200224 17:00:50.505" endtime="20200224 17:00:50.600"></status>
</kw>
<kw name="Wait Until Page Contains Element" library="SeleniumLibrary">
<doc>Waits until the element ``locator`` appears on the current page.</doc>
<arguments>
<arg>class:fa-book</arg>
</arguments>
<status status="PASS" starttime="20200224 17:00:50.600" endtime="20200224 17:00:50.610"></status>
</kw>
<kw name="Click Element" library="SeleniumLibrary">
<doc>Click the element identified by ``locator``.</doc>
<arguments>
<arg>class:fa-book</arg>
</arguments>
<msg timestamp="20200224 17:00:50.610" level="INFO">Clicking element 'class:fa-book'.</msg>
<status status="PASS" starttime="20200224 17:00:50.610" endtime="20200224 17:00:50.706"></status>
</kw>
<kw name="Click Link" library="SeleniumLibrary">
<doc>Clicks a link identified by ``locator``.</doc>
<arguments>
<arg>link:Product</arg>
</arguments>
<msg timestamp="20200224 17:00:50.707" level="INFO">Clicking link 'link:Product'.</msg>
<status status="PASS" starttime="20200224 17:00:50.706" endtime="20200224 17:00:51.991"></status>
</kw>
<kw name="Sleep" library="BuiltIn">
<doc>Pauses the test executed for the given time.</doc>
<arguments>
<arg>1s</arg>
</arguments>
<msg timestamp="20200224 17:00:52.992" level="INFO">Slept 1 second</msg>
<status status="PASS" starttime="20200224 17:00:51.991" endtime="20200224 17:00:52.992"></status>
</kw>
<kw name="Click Element" library="SeleniumLibrary">
<doc>Click the element identified by ``locator``.</doc>
<arguments>
<arg>//a[@class='btn btn-primary']</arg>
</arguments>
<msg timestamp="20200224 17:00:52.993" level="INFO">Clicking element '//a[@class='btn btn-primary']'.</msg>
<status status="PASS" starttime="20200224 17:00:52.993" endtime="20200224 17:00:56.851"></status>
</kw>
<kw name="Sleep" library="BuiltIn">
<doc>Pauses the test executed for the given time.</doc>
<arguments>
<arg>1s</arg>
</arguments>
<msg timestamp="20200224 17:00:57.852" level="INFO">Slept 1 second</msg>
<status status="PASS" starttime="20200224 17:00:56.851" endtime="20200224 17:00:57.852"></status>
</kw>
<kw name="Click Element" library="SeleniumLibrary">
<doc>Click the element identified by ``locator``.</doc>
<arguments>
<arg>//a[@class='btn btn-secondary']</arg>
</arguments>
<msg timestamp="20200224 17:00:57.853" level="INFO">Clicking element '//a[@class='btn btn-secondary']'.</msg>
<status status="PASS" starttime="20200224 17:00:57.852" endtime="20200224 17:00:58.870"></status>
</kw>
<kw name="Sleep" library="BuiltIn">
<doc>Pauses the test executed for the given time.</doc>
<arguments>
<arg>1s</arg>
</arguments>
<msg timestamp="20200224 17:00:59.872" level="INFO">Slept 1 second</msg>
<status status="PASS" starttime="20200224 17:00:58.870" endtime="20200224 17:00:59.872"></status>
</kw>
<kw name="Click Element" library="SeleniumLibrary">
<doc>Click the element identified by ``locator``.</doc>
<arguments>
<arg>//a[@class='btn btn-primary']</arg>
</arguments>
<msg timestamp="20200224 17:00:59.873" level="INFO">Clicking element '//a[@class='btn btn-primary']'.</msg>
<status status="PASS" starttime="20200224 17:00:59.873" endtime="20200224 17:01:01.378"></status>
</kw>
<kw name="Input Text" library="SeleniumLibrary">
<doc>Types the given ``text`` into the text field identified by ``locator``.</doc>
<arguments>
<arg>//input[@placeholder='Enter item name']</arg>
<arg>Suyash</arg>
</arguments>
<msg timestamp="20200224 17:01:01.378" level="INFO">Typing text 'Suyash' into text field '//input[@placeholder='Enter item name']'.</msg>
<status status="PASS" starttime="20200224 17:01:01.378" endtime="20200224 17:01:01.586"></status>
</kw>
<kw name="Click Element" library="SeleniumLibrary">
<doc>Click the element identified by ``locator``.</doc>
<arguments>
<arg>//a[@class='btn btn-secondary']</arg>
</arguments>
<msg timestamp="20200224 17:01:01.586" level="INFO">Clicking element '//a[@class='btn btn-secondary']'.</msg>
<status status="PASS" starttime="20200224 17:01:01.586" endtime="20200224 17:01:02.580"></status>
</kw>
<kw name="Sleep" library="BuiltIn">
<doc>Pauses the test executed for the given time.</doc>
<arguments>
<arg>1s</arg>
</arguments>
<msg timestamp="20200224 17:01:03.581" level="INFO">Slept 1 second</msg>
<status status="PASS" starttime="20200224 17:01:02.580" endtime="20200224 17:01:03.582"></status>
</kw>
<kw name="Click Element" library="SeleniumLibrary">
<doc>Click the element identified by ``locator``.</doc>
<arguments>
<arg>//a[@class='btn btn-primary']</arg>
</arguments>
<msg timestamp="20200224 17:01:03.582" level="INFO">Clicking element '//a[@class='btn btn-primary']'.</msg>
<status status="PASS" starttime="20200224 17:01:03.582" endtime="20200224 17:01:04.699"></status>
</kw>
<kw name="Scroll Element Into View" library="SeleniumLibrary">
<doc>Scrolls the element identified by ``locator`` into view.</doc>
<arguments>
<arg>//button[contains(@class,'btn btn-primary')]</arg>
</arguments>
<status status="PASS" starttime="20200224 17:01:04.700" endtime="20200224 17:01:05.286"></status>
</kw>
<kw name="Sleep" library="BuiltIn">
<doc>Pauses the test executed for the given time.</doc>
<arguments>
<arg>0.5s</arg>
</arguments>
<msg timestamp="20200224 17:01:05.788" level="INFO">Slept 500 milliseconds</msg>
<status status="PASS" starttime="20200224 17:01:05.286" endtime="20200224 17:01:05.788"></status>
</kw>
<kw name="Click Button" library="SeleniumLibrary">
<doc>Clicks the button identified by ``locator``.</doc>
<arguments>
<arg>//button[contains(@class,'btn btn-primary')]</arg>
</arguments>
<msg timestamp="20200224 17:01:05.788" level="INFO">Clicking button '//button[contains(@class,'btn btn-primary')]'.</msg>
<status status="PASS" starttime="20200224 17:01:05.788" endtime="20200224 17:01:05.925"></status>
</kw>
<kw name="Close Browser" library="SeleniumLibrary">
<doc>Closes the current browser.</doc>
<status status="PASS" starttime="20200224 17:01:05.926" endtime="20200224 17:01:06.019"></status>
</kw>
<status status="PASS" starttime="20200224 17:00:48.501" endtime="20200224 17:01:06.019"></status>
</kw>
<status status="PASS" starttime="20200224 17:00:40.627" endtime="20200224 17:01:06.019" critical="yes"></status>
</test>
<status status="PASS" starttime="20200224 17:00:40.093" endtime="20200224 17:01:06.020"></status>
</suite>
<statistics>
<total>
<stat pass="1" fail="0">Critical Tests</stat>
<stat pass="1" fail="0">All Tests</stat>
</total>
<tag>
</tag>
<suite>
<stat pass="1" fail="0" id="s1" name="Product">Product</stat>
</suite>
</statistics>
<errors>
</errors>
</robot>
