<?xml version="1.0" encoding="UTF-8"?>
<robot generator="Robot 3.1.2 (Python 3.7.6 on darwin)" generated="20200219 12:04:34.253" rpa="false">
<suite id="s1" name="Invalid Login" source="/Users/suyashlohia/Desktop/Zwing_Portal/Invalid_Login.robot">
<kw name="Open Browser To Zwing | Vendor" type="setup">
<kw name="Open Browser" library="SeleniumLibrary">
<doc>Opens a new browser instance to the optional ``url``.</doc>
<arguments>
<arg>${LOGIN URL}</arg>
<arg>${BROWSER}</arg>
</arguments>
<msg timestamp="20200219 12:04:34.610" level="INFO">Opening browser 'chrome' to base url 'https://test.console.gozwing.com/admin/'.</msg>
<status status="PASS" starttime="20200219 12:04:34.609" endtime="20200219 12:04:38.957"></status>
</kw>
<kw name="Zwing | Vendor Should Be Open">
<kw name="Title Should Be" library="SeleniumLibrary">
<doc>Verifies that the current page title equals ``title``.</doc>
<arguments>
<arg>Zwing | Vendor</arg>
</arguments>
<msg timestamp="20200219 12:04:38.963" level="INFO">Page title is 'Zwing | Vendor'.</msg>
<status status="PASS" starttime="20200219 12:04:38.958" endtime="20200219 12:04:38.963"></status>
</kw>
<status status="PASS" starttime="20200219 12:04:38.957" endtime="20200219 12:04:38.963"></status>
</kw>
<status status="PASS" starttime="20200219 12:04:34.609" endtime="20200219 12:04:38.963"></status>
</kw>
<test id="s1-t1" name="Invalid Username">
<kw name="Go To Zwing | Vendor" type="setup">
<kw name="Go To" library="SeleniumLibrary">
<doc>Navigates the current browser window to the provided ``url``.</doc>
<arguments>
<arg>${LOGIN URL}</arg>
</arguments>
<msg timestamp="20200219 12:04:38.965" level="INFO">Opening url 'https://test.console.gozwing.com/admin/'</msg>
<status status="PASS" starttime="20200219 12:04:38.964" endtime="20200219 12:04:39.571"></status>
</kw>
<kw name="Zwing | Vendor Should Be Open">
<kw name="Title Should Be" library="SeleniumLibrary">
<doc>Verifies that the current page title equals ``title``.</doc>
<arguments>
<arg>Zwing | Vendor</arg>
</arguments>
<msg timestamp="20200219 12:04:39.576" level="INFO">Page title is 'Zwing | Vendor'.</msg>
<status status="PASS" starttime="20200219 12:04:39.572" endtime="20200219 12:04:39.577"></status>
</kw>
<status status="PASS" starttime="20200219 12:04:39.571" endtime="20200219 12:04:39.577"></status>
</kw>
<status status="PASS" starttime="20200219 12:04:38.964" endtime="20200219 12:04:39.577"></status>
</kw>
<kw name="Login With Invalid Credentials Should Fail">
<arguments>
<arg>invalid</arg>
<arg>${PASSWORD}</arg>
</arguments>
<kw name="Input Username">
<arguments>
<arg>${username}</arg>
</arguments>
<kw name="Input Text" library="SeleniumLibrary">
<doc>Types the given ``text`` into the text field identified by ``locator``.</doc>
<arguments>
<arg>name:identity</arg>
<arg>${username}</arg>
</arguments>
<msg timestamp="20200219 12:04:39.578" level="INFO">Typing text 'invalid' into text field 'name:identity'.</msg>
<status status="PASS" starttime="20200219 12:04:39.578" endtime="20200219 12:04:39.774"></status>
</kw>
<status status="PASS" starttime="20200219 12:04:39.577" endtime="20200219 12:04:39.774"></status>
</kw>
<kw name="Input Password">
<arguments>
<arg>${password}</arg>
</arguments>
<kw name="Input Text" library="SeleniumLibrary">
<doc>Types the given ``text`` into the text field identified by ``locator``.</doc>
<arguments>
<arg>name:password</arg>
<arg>${password}</arg>
</arguments>
<msg timestamp="20200219 12:04:39.774" level="INFO">Typing text '123456' into text field 'name:password'.</msg>
<status status="PASS" starttime="20200219 12:04:39.774" endtime="20200219 12:04:39.850"></status>
</kw>
<status status="PASS" starttime="20200219 12:04:39.774" endtime="20200219 12:04:39.851"></status>
</kw>
<kw name="Submit Credentials">
<kw name="Click Button" library="SeleniumLibrary">
<doc>Clicks the button identified by ``locator``.</doc>
<arguments>
<arg>class:btn</arg>
</arguments>
<msg timestamp="20200219 12:04:39.851" level="INFO">Clicking button 'class:btn'.</msg>
<status status="PASS" starttime="20200219 12:04:39.851" endtime="20200219 12:04:41.008"></status>
</kw>
<status status="PASS" starttime="20200219 12:04:39.851" endtime="20200219 12:04:41.009"></status>
</kw>
<kw name="Login Should Have Failed">
<kw name="Location Should Be" library="SeleniumLibrary">
<doc>Verifies that the current URL is exactly ``url``.</doc>
<arguments>
<arg>${ERROR URL}</arg>
</arguments>
<msg timestamp="20200219 12:04:41.015" level="INFO">Current location is 'https://test.console.gozwing.com/admin/'.</msg>
<status status="PASS" starttime="20200219 12:04:41.010" endtime="20200219 12:04:41.015"></status>
</kw>
<kw name="Title Should Be" library="SeleniumLibrary">
<doc>Verifies that the current page title equals ``title``.</doc>
<arguments>
<arg>Zwing | Vendor</arg>
</arguments>
<msg timestamp="20200219 12:04:41.019" level="INFO">Page title is 'Zwing | Vendor'.</msg>
<status status="PASS" starttime="20200219 12:04:41.016" endtime="20200219 12:04:41.019"></status>
</kw>
<status status="PASS" starttime="20200219 12:04:41.009" endtime="20200219 12:04:41.019"></status>
</kw>
<status status="PASS" starttime="20200219 12:04:39.577" endtime="20200219 12:04:41.019"></status>
</kw>
<status status="PASS" starttime="20200219 12:04:38.963" endtime="20200219 12:04:41.019" critical="yes"></status>
</test>
<test id="s1-t2" name="Invalid Password">
<kw name="Go To Zwing | Vendor" type="setup">
<kw name="Go To" library="SeleniumLibrary">
<doc>Navigates the current browser window to the provided ``url``.</doc>
<arguments>
<arg>${LOGIN URL}</arg>
</arguments>
<msg timestamp="20200219 12:04:41.021" level="INFO">Opening url 'https://test.console.gozwing.com/admin/'</msg>
<status status="PASS" starttime="20200219 12:04:41.021" endtime="20200219 12:04:41.830"></status>
</kw>
<kw name="Zwing | Vendor Should Be Open">
<kw name="Title Should Be" library="SeleniumLibrary">
<doc>Verifies that the current page title equals ``title``.</doc>
<arguments>
<arg>Zwing | Vendor</arg>
</arguments>
<msg timestamp="20200219 12:04:41.836" level="INFO">Page title is 'Zwing | Vendor'.</msg>
<status status="PASS" starttime="20200219 12:04:41.831" endtime="20200219 12:04:41.836"></status>
</kw>
<status status="PASS" starttime="20200219 12:04:41.830" endtime="20200219 12:04:41.836"></status>
</kw>
<status status="PASS" starttime="20200219 12:04:41.020" endtime="20200219 12:04:41.836"></status>
</kw>
<kw name="Login With Invalid Credentials Should Fail">
<arguments>
<arg>${USER}</arg>
<arg>invalid</arg>
</arguments>
<kw name="Input Username">
<arguments>
<arg>${username}</arg>
</arguments>
<kw name="Input Text" library="SeleniumLibrary">
<doc>Types the given ``text`` into the text field identified by ``locator``.</doc>
<arguments>
<arg>name:identity</arg>
<arg>${username}</arg>
</arguments>
<msg timestamp="20200219 12:04:41.837" level="INFO">Typing text 'testorg2@zwing.in' into text field 'name:identity'.</msg>
<status status="PASS" starttime="20200219 12:04:41.837" endtime="20200219 12:04:41.944"></status>
</kw>
<status status="PASS" starttime="20200219 12:04:41.837" endtime="20200219 12:04:41.944"></status>
</kw>
<kw name="Input Password">
<arguments>
<arg>${password}</arg>
</arguments>
<kw name="Input Text" library="SeleniumLibrary">
<doc>Types the given ``text`` into the text field identified by ``locator``.</doc>
<arguments>
<arg>name:password</arg>
<arg>${password}</arg>
</arguments>
<msg timestamp="20200219 12:04:41.945" level="INFO">Typing text 'invalid' into text field 'name:password'.</msg>
<status status="PASS" starttime="20200219 12:04:41.945" endtime="20200219 12:04:42.025"></status>
</kw>
<status status="PASS" starttime="20200219 12:04:41.944" endtime="20200219 12:04:42.025"></status>
</kw>
<kw name="Submit Credentials">
<kw name="Click Button" library="SeleniumLibrary">
<doc>Clicks the button identified by ``locator``.</doc>
<arguments>
<arg>class:btn</arg>
</arguments>
<msg timestamp="20200219 12:04:42.025" level="INFO">Clicking button 'class:btn'.</msg>
<status status="PASS" starttime="20200219 12:04:42.025" endtime="20200219 12:04:43.673"></status>
</kw>
<status status="PASS" starttime="20200219 12:04:42.025" endtime="20200219 12:04:43.674"></status>
</kw>
<kw name="Login Should Have Failed">
<kw name="Location Should Be" library="SeleniumLibrary">
<doc>Verifies that the current URL is exactly ``url``.</doc>
<arguments>
<arg>${ERROR URL}</arg>
</arguments>
<msg timestamp="20200219 12:04:43.680" level="INFO">Current location is 'https://test.console.gozwing.com/admin/'.</msg>
<status status="PASS" starttime="20200219 12:04:43.675" endtime="20200219 12:04:43.680"></status>
</kw>
<kw name="Title Should Be" library="SeleniumLibrary">
<doc>Verifies that the current page title equals ``title``.</doc>
<arguments>
<arg>Zwing | Vendor</arg>
</arguments>
<msg timestamp="20200219 12:04:43.684" level="INFO">Page title is 'Zwing | Vendor'.</msg>
<status status="PASS" starttime="20200219 12:04:43.680" endtime="20200219 12:04:43.684"></status>
</kw>
<status status="PASS" starttime="20200219 12:04:43.674" endtime="20200219 12:04:43.684"></status>
</kw>
<status status="PASS" starttime="20200219 12:04:41.836" endtime="20200219 12:04:43.684"></status>
</kw>
<status status="PASS" starttime="20200219 12:04:41.020" endtime="20200219 12:04:43.685" critical="yes"></status>
</test>
<test id="s1-t3" name="Invalid Username And Password">
<kw name="Go To Zwing | Vendor" type="setup">
<kw name="Go To" library="SeleniumLibrary">
<doc>Navigates the current browser window to the provided ``url``.</doc>
<arguments>
<arg>${LOGIN URL}</arg>
</arguments>
<msg timestamp="20200219 12:04:43.686" level="INFO">Opening url 'https://test.console.gozwing.com/admin/'</msg>
<status status="PASS" starttime="20200219 12:04:43.686" endtime="20200219 12:04:44.398"></status>
</kw>
<kw name="Zwing | Vendor Should Be Open">
<kw name="Title Should Be" library="SeleniumLibrary">
<doc>Verifies that the current page title equals ``title``.</doc>
<arguments>
<arg>Zwing | Vendor</arg>
</arguments>
<msg timestamp="20200219 12:04:44.405" level="INFO">Page title is 'Zwing | Vendor'.</msg>
<status status="PASS" starttime="20200219 12:04:44.400" endtime="20200219 12:04:44.405"></status>
</kw>
<status status="PASS" starttime="20200219 12:04:44.399" endtime="20200219 12:04:44.405"></status>
</kw>
<status status="PASS" starttime="20200219 12:04:43.685" endtime="20200219 12:04:44.405"></status>
</kw>
<kw name="Login With Invalid Credentials Should Fail">
<arguments>
<arg>invalid</arg>
<arg>whatever</arg>
</arguments>
<kw name="Input Username">
<arguments>
<arg>${username}</arg>
</arguments>
<kw name="Input Text" library="SeleniumLibrary">
<doc>Types the given ``text`` into the text field identified by ``locator``.</doc>
<arguments>
<arg>name:identity</arg>
<arg>${username}</arg>
</arguments>
<msg timestamp="20200219 12:04:44.406" level="INFO">Typing text 'invalid' into text field 'name:identity'.</msg>
<status status="PASS" starttime="20200219 12:04:44.406" endtime="20200219 12:04:44.505"></status>
</kw>
<status status="PASS" starttime="20200219 12:04:44.406" endtime="20200219 12:04:44.505"></status>
</kw>
<kw name="Input Password">
<arguments>
<arg>${password}</arg>
</arguments>
<kw name="Input Text" library="SeleniumLibrary">
<doc>Types the given ``text`` into the text field identified by ``locator``.</doc>
<arguments>
<arg>name:password</arg>
<arg>${password}</arg>
</arguments>
<msg timestamp="20200219 12:04:44.505" level="INFO">Typing text 'whatever' into text field 'name:password'.</msg>
<status status="PASS" starttime="20200219 12:04:44.505" endtime="20200219 12:04:44.589"></status>
</kw>
<status status="PASS" starttime="20200219 12:04:44.505" endtime="20200219 12:04:44.589"></status>
</kw>
<kw name="Submit Credentials">
<kw name="Click Button" library="SeleniumLibrary">
<doc>Clicks the button identified by ``locator``.</doc>
<arguments>
<arg>class:btn</arg>
</arguments>
<msg timestamp="20200219 12:04:44.589" level="INFO">Clicking button 'class:btn'.</msg>
<status status="PASS" starttime="20200219 12:04:44.589" endtime="20200219 12:04:45.420"></status>
</kw>
<status status="PASS" starttime="20200219 12:04:44.589" endtime="20200219 12:04:45.421"></status>
</kw>
<kw name="Login Should Have Failed">
<kw name="Location Should Be" library="SeleniumLibrary">
<doc>Verifies that the current URL is exactly ``url``.</doc>
<arguments>
<arg>${ERROR URL}</arg>
</arguments>
<msg timestamp="20200219 12:04:45.426" level="INFO">Current location is 'https://test.console.gozwing.com/admin/'.</msg>
<status status="PASS" starttime="20200219 12:04:45.422" endtime="20200219 12:04:45.426"></status>
</kw>
<kw name="Title Should Be" library="SeleniumLibrary">
<doc>Verifies that the current page title equals ``title``.</doc>
<arguments>
<arg>Zwing | Vendor</arg>
</arguments>
<msg timestamp="20200219 12:04:45.431" level="INFO">Page title is 'Zwing | Vendor'.</msg>
<status status="PASS" starttime="20200219 12:04:45.426" endtime="20200219 12:04:45.431"></status>
</kw>
<status status="PASS" starttime="20200219 12:04:45.421" endtime="20200219 12:04:45.431"></status>
</kw>
<status status="PASS" starttime="20200219 12:04:44.405" endtime="20200219 12:04:45.431"></status>
</kw>
<status status="PASS" starttime="20200219 12:04:43.685" endtime="20200219 12:04:45.431" critical="yes"></status>
</test>
<test id="s1-t4" name="Empty Username">
<kw name="Go To Zwing | Vendor" type="setup">
<kw name="Go To" library="SeleniumLibrary">
<doc>Navigates the current browser window to the provided ``url``.</doc>
<arguments>
<arg>${LOGIN URL}</arg>
</arguments>
<msg timestamp="20200219 12:04:45.433" level="INFO">Opening url 'https://test.console.gozwing.com/admin/'</msg>
<status status="PASS" starttime="20200219 12:04:45.432" endtime="20200219 12:04:46.130"></status>
</kw>
<kw name="Zwing | Vendor Should Be Open">
<kw name="Title Should Be" library="SeleniumLibrary">
<doc>Verifies that the current page title equals ``title``.</doc>
<arguments>
<arg>Zwing | Vendor</arg>
</arguments>
<msg timestamp="20200219 12:04:46.135" level="INFO">Page title is 'Zwing | Vendor'.</msg>
<status status="PASS" starttime="20200219 12:04:46.131" endtime="20200219 12:04:46.135"></status>
</kw>
<status status="PASS" starttime="20200219 12:04:46.130" endtime="20200219 12:04:46.135"></status>
</kw>
<status status="PASS" starttime="20200219 12:04:45.432" endtime="20200219 12:04:46.135"></status>
</kw>
<kw name="Login With Invalid Credentials Should Fail">
<arguments>
<arg>${EMPTY}</arg>
<arg>${PASSWORD}</arg>
</arguments>
<kw name="Input Username">
<arguments>
<arg>${username}</arg>
</arguments>
<kw name="Input Text" library="SeleniumLibrary">
<doc>Types the given ``text`` into the text field identified by ``locator``.</doc>
<arguments>
<arg>name:identity</arg>
<arg>${username}</arg>
</arguments>
<msg timestamp="20200219 12:04:46.136" level="INFO">Typing text '' into text field 'name:identity'.</msg>
<status status="PASS" starttime="20200219 12:04:46.136" endtime="20200219 12:04:46.194"></status>
</kw>
<status status="PASS" starttime="20200219 12:04:46.136" endtime="20200219 12:04:46.195"></status>
</kw>
<kw name="Input Password">
<arguments>
<arg>${password}</arg>
</arguments>
<kw name="Input Text" library="SeleniumLibrary">
<doc>Types the given ``text`` into the text field identified by ``locator``.</doc>
<arguments>
<arg>name:password</arg>
<arg>${password}</arg>
</arguments>
<msg timestamp="20200219 12:04:46.195" level="INFO">Typing text '123456' into text field 'name:password'.</msg>
<status status="PASS" starttime="20200219 12:04:46.195" endtime="20200219 12:04:46.270"></status>
</kw>
<status status="PASS" starttime="20200219 12:04:46.195" endtime="20200219 12:04:46.270"></status>
</kw>
<kw name="Submit Credentials">
<kw name="Click Button" library="SeleniumLibrary">
<doc>Clicks the button identified by ``locator``.</doc>
<arguments>
<arg>class:btn</arg>
</arguments>
<msg timestamp="20200219 12:04:46.271" level="INFO">Clicking button 'class:btn'.</msg>
<status status="PASS" starttime="20200219 12:04:46.270" endtime="20200219 12:04:47.047"></status>
</kw>
<status status="PASS" starttime="20200219 12:04:46.270" endtime="20200219 12:04:47.048"></status>
</kw>
<kw name="Login Should Have Failed">
<kw name="Location Should Be" library="SeleniumLibrary">
<doc>Verifies that the current URL is exactly ``url``.</doc>
<arguments>
<arg>${ERROR URL}</arg>
</arguments>
<msg timestamp="20200219 12:04:47.053" level="INFO">Current location is 'https://test.console.gozwing.com/admin/'.</msg>
<status status="PASS" starttime="20200219 12:04:47.048" endtime="20200219 12:04:47.053"></status>
</kw>
<kw name="Title Should Be" library="SeleniumLibrary">
<doc>Verifies that the current page title equals ``title``.</doc>
<arguments>
<arg>Zwing | Vendor</arg>
</arguments>
<msg timestamp="20200219 12:04:47.057" level="INFO">Page title is 'Zwing | Vendor'.</msg>
<status status="PASS" starttime="20200219 12:04:47.053" endtime="20200219 12:04:47.057"></status>
</kw>
<status status="PASS" starttime="20200219 12:04:47.048" endtime="20200219 12:04:47.057"></status>
</kw>
<status status="PASS" starttime="20200219 12:04:46.136" endtime="20200219 12:04:47.057"></status>
</kw>
<status status="PASS" starttime="20200219 12:04:45.432" endtime="20200219 12:04:47.057" critical="yes"></status>
</test>
<test id="s1-t5" name="Empty Password">
<kw name="Go To Zwing | Vendor" type="setup">
<kw name="Go To" library="SeleniumLibrary">
<doc>Navigates the current browser window to the provided ``url``.</doc>
<arguments>
<arg>${LOGIN URL}</arg>
</arguments>
<msg timestamp="20200219 12:04:47.059" level="INFO">Opening url 'https://test.console.gozwing.com/admin/'</msg>
<status status="PASS" starttime="20200219 12:04:47.059" endtime="20200219 12:04:47.617"></status>
</kw>
<kw name="Zwing | Vendor Should Be Open">
<kw name="Title Should Be" library="SeleniumLibrary">
<doc>Verifies that the current page title equals ``title``.</doc>
<arguments>
<arg>Zwing | Vendor</arg>
</arguments>
<msg timestamp="20200219 12:04:47.622" level="INFO">Page title is 'Zwing | Vendor'.</msg>
<status status="PASS" starttime="20200219 12:04:47.618" endtime="20200219 12:04:47.622"></status>
</kw>
<status status="PASS" starttime="20200219 12:04:47.617" endtime="20200219 12:04:47.622"></status>
</kw>
<status status="PASS" starttime="20200219 12:04:47.058" endtime="20200219 12:04:47.622"></status>
</kw>
<kw name="Login With Invalid Credentials Should Fail">
<arguments>
<arg>${USER}</arg>
<arg>${EMPTY}</arg>
</arguments>
<kw name="Input Username">
<arguments>
<arg>${username}</arg>
</arguments>
<kw name="Input Text" library="SeleniumLibrary">
<doc>Types the given ``text`` into the text field identified by ``locator``.</doc>
<arguments>
<arg>name:identity</arg>
<arg>${username}</arg>
</arguments>
<msg timestamp="20200219 12:04:47.623" level="INFO">Typing text 'testorg2@zwing.in' into text field 'name:identity'.</msg>
<status status="PASS" starttime="20200219 12:04:47.623" endtime="20200219 12:04:47.734"></status>
</kw>
<status status="PASS" starttime="20200219 12:04:47.622" endtime="20200219 12:04:47.734"></status>
</kw>
<kw name="Input Password">
<arguments>
<arg>${password}</arg>
</arguments>
<kw name="Input Text" library="SeleniumLibrary">
<doc>Types the given ``text`` into the text field identified by ``locator``.</doc>
<arguments>
<arg>name:password</arg>
<arg>${password}</arg>
</arguments>
<msg timestamp="20200219 12:04:47.735" level="INFO">Typing text '' into text field 'name:password'.</msg>
<status status="PASS" starttime="20200219 12:04:47.734" endtime="20200219 12:04:47.789"></status>
</kw>
<status status="PASS" starttime="20200219 12:04:47.734" endtime="20200219 12:04:47.789"></status>
</kw>
<kw name="Submit Credentials">
<kw name="Click Button" library="SeleniumLibrary">
<doc>Clicks the button identified by ``locator``.</doc>
<arguments>
<arg>class:btn</arg>
</arguments>
<msg timestamp="20200219 12:04:47.790" level="INFO">Clicking button 'class:btn'.</msg>
<status status="PASS" starttime="20200219 12:04:47.790" endtime="20200219 12:04:48.848"></status>
</kw>
<status status="PASS" starttime="20200219 12:04:47.789" endtime="20200219 12:04:48.848"></status>
</kw>
<kw name="Login Should Have Failed">
<kw name="Location Should Be" library="SeleniumLibrary">
<doc>Verifies that the current URL is exactly ``url``.</doc>
<arguments>
<arg>${ERROR URL}</arg>
</arguments>
<msg timestamp="20200219 12:04:48.854" level="INFO">Current location is 'https://test.console.gozwing.com/admin/'.</msg>
<status status="PASS" starttime="20200219 12:04:48.849" endtime="20200219 12:04:48.854"></status>
</kw>
<kw name="Title Should Be" library="SeleniumLibrary">
<doc>Verifies that the current page title equals ``title``.</doc>
<arguments>
<arg>Zwing | Vendor</arg>
</arguments>
<msg timestamp="20200219 12:04:48.858" level="INFO">Page title is 'Zwing | Vendor'.</msg>
<status status="PASS" starttime="20200219 12:04:48.854" endtime="20200219 12:04:48.858"></status>
</kw>
<status status="PASS" starttime="20200219 12:04:48.848" endtime="20200219 12:04:48.858"></status>
</kw>
<status status="PASS" starttime="20200219 12:04:47.622" endtime="20200219 12:04:48.858"></status>
</kw>
<status status="PASS" starttime="20200219 12:04:47.058" endtime="20200219 12:04:48.858" critical="yes"></status>
</test>
<test id="s1-t6" name="Empty Username And Password">
<kw name="Go To Zwing | Vendor" type="setup">
<kw name="Go To" library="SeleniumLibrary">
<doc>Navigates the current browser window to the provided ``url``.</doc>
<arguments>
<arg>${LOGIN URL}</arg>
</arguments>
<msg timestamp="20200219 12:04:48.861" level="INFO">Opening url 'https://test.console.gozwing.com/admin/'</msg>
<status status="PASS" starttime="20200219 12:04:48.860" endtime="20200219 12:04:49.412"></status>
</kw>
<kw name="Zwing | Vendor Should Be Open">
<kw name="Title Should Be" library="SeleniumLibrary">
<doc>Verifies that the current page title equals ``title``.</doc>
<arguments>
<arg>Zwing | Vendor</arg>
</arguments>
<msg timestamp="20200219 12:04:49.417" level="INFO">Page title is 'Zwing | Vendor'.</msg>
<status status="PASS" starttime="20200219 12:04:49.413" endtime="20200219 12:04:49.417"></status>
</kw>
<status status="PASS" starttime="20200219 12:04:49.412" endtime="20200219 12:04:49.417"></status>
</kw>
<status status="PASS" starttime="20200219 12:04:48.860" endtime="20200219 12:04:49.417"></status>
</kw>
<kw name="Login With Invalid Credentials Should Fail">
<arguments>
<arg>${EMPTY}</arg>
<arg>${EMPTY}</arg>
</arguments>
<kw name="Input Username">
<arguments>
<arg>${username}</arg>
</arguments>
<kw name="Input Text" library="SeleniumLibrary">
<doc>Types the given ``text`` into the text field identified by ``locator``.</doc>
<arguments>
<arg>name:identity</arg>
<arg>${username}</arg>
</arguments>
<msg timestamp="20200219 12:04:49.418" level="INFO">Typing text '' into text field 'name:identity'.</msg>
<status status="PASS" starttime="20200219 12:04:49.418" endtime="20200219 12:04:49.474"></status>
</kw>
<status status="PASS" starttime="20200219 12:04:49.418" endtime="20200219 12:04:49.474"></status>
</kw>
<kw name="Input Password">
<arguments>
<arg>${password}</arg>
</arguments>
<kw name="Input Text" library="SeleniumLibrary">
<doc>Types the given ``text`` into the text field identified by ``locator``.</doc>
<arguments>
<arg>name:password</arg>
<arg>${password}</arg>
</arguments>
<msg timestamp="20200219 12:04:49.475" level="INFO">Typing text '' into text field 'name:password'.</msg>
<status status="PASS" starttime="20200219 12:04:49.475" endtime="20200219 12:04:49.527"></status>
</kw>
<status status="PASS" starttime="20200219 12:04:49.474" endtime="20200219 12:04:49.527"></status>
</kw>
<kw name="Submit Credentials">
<kw name="Click Button" library="SeleniumLibrary">
<doc>Clicks the button identified by ``locator``.</doc>
<arguments>
<arg>class:btn</arg>
</arguments>
<msg timestamp="20200219 12:04:49.528" level="INFO">Clicking button 'class:btn'.</msg>
<status status="PASS" starttime="20200219 12:04:49.527" endtime="20200219 12:04:50.479"></status>
</kw>
<status status="PASS" starttime="20200219 12:04:49.527" endtime="20200219 12:04:50.479"></status>
</kw>
<kw name="Login Should Have Failed">
<kw name="Location Should Be" library="SeleniumLibrary">
<doc>Verifies that the current URL is exactly ``url``.</doc>
<arguments>
<arg>${ERROR URL}</arg>
</arguments>
<msg timestamp="20200219 12:04:50.484" level="INFO">Current location is 'https://test.console.gozwing.com/admin/'.</msg>
<status status="PASS" starttime="20200219 12:04:50.479" endtime="20200219 12:04:50.484"></status>
</kw>
<kw name="Title Should Be" library="SeleniumLibrary">
<doc>Verifies that the current page title equals ``title``.</doc>
<arguments>
<arg>Zwing | Vendor</arg>
</arguments>
<msg timestamp="20200219 12:04:50.488" level="INFO">Page title is 'Zwing | Vendor'.</msg>
<status status="PASS" starttime="20200219 12:04:50.485" endtime="20200219 12:04:50.488"></status>
</kw>
<status status="PASS" starttime="20200219 12:04:50.479" endtime="20200219 12:04:50.488"></status>
</kw>
<status status="PASS" starttime="20200219 12:04:49.417" endtime="20200219 12:04:50.489"></status>
</kw>
<status status="PASS" starttime="20200219 12:04:48.859" endtime="20200219 12:04:50.489" critical="yes"></status>
</test>
<kw name="Close Browser" library="SeleniumLibrary" type="teardown">
<doc>Closes the current browser.</doc>
<status status="PASS" starttime="20200219 12:04:50.490" endtime="20200219 12:04:50.572"></status>
</kw>
<status status="PASS" starttime="20200219 12:04:34.254" endtime="20200219 12:04:50.572"></status>
</suite>
<statistics>
<total>
<stat pass="6" fail="0">Critical Tests</stat>
<stat pass="6" fail="0">All Tests</stat>
</total>
<tag>
</tag>
<suite>
<stat pass="6" fail="0" id="s1" name="Invalid Login">Invalid Login</stat>
</suite>
</statistics>
<errors>
<msg timestamp="20200219 12:04:34.255" level="ERROR">Error in file '/Users/suyashlohia/Desktop/Zwing_Portal/Invalid_Login.robot': Setting variable '`' failed: Invalid variable name '`'.</msg>
</errors>
</robot>
