<?xml version="1.0" encoding="UTF-8"?>
<robot generator="Robot 3.1.2 (Python 3.7.6 on darwin)" generated="20200515 01:36:43.183" rpa="false">
<suite id="s1" name="Category" source="/Users/suyashlohia/Desktop/Zwing_Portal/Category_Page/category.robot">
<test id="s1-t1" name="Open Browser">
<kw name="Open Browser To Login Page">
<kw name="Open Browser" library="SeleniumLibrary">
<doc>Opens a new browser instance to the optional ``url``.</doc>
<arguments>
<arg>${HOMEPAGE}</arg>
<arg>${BROWSER}</arg>
</arguments>
<msg timestamp="20200515 01:36:43.788" level="INFO">Opening browser 'chrome' to base url 'https://test.console.gozwing.com/admin/'.</msg>
<kw name="Capture Page Screenshot" library="SeleniumLibrary">
<doc>Takes a screenshot of the current page and embeds it into a log file.</doc>
<msg timestamp="20200515 01:36:47.127" level="INFO">Cannot capture screenshot because no browser is open.</msg>
<status status="PASS" starttime="20200515 01:36:47.127" endtime="20200515 01:36:47.127"></status>
</kw>
<msg timestamp="20200515 01:36:47.154" level="FAIL">SessionNotCreatedException: Message: session not created: This version of ChromeDriver only supports Chrome version 79
</msg>
<status status="FAIL" starttime="20200515 01:36:43.788" endtime="20200515 01:36:47.154"></status>
</kw>
<status status="FAIL" starttime="20200515 01:36:43.788" endtime="20200515 01:36:47.154"></status>
</kw>
<status status="FAIL" starttime="20200515 01:36:43.787" endtime="20200515 01:36:47.155" critical="yes">SessionNotCreatedException: Message: session not created: This version of ChromeDriver only supports Chrome version 79
</status>
</test>
<status status="FAIL" starttime="20200515 01:36:43.185" endtime="20200515 01:36:47.156"></status>
</suite>
<statistics>
<total>
<stat pass="0" fail="1">Critical Tests</stat>
<stat pass="0" fail="1">All Tests</stat>
</total>
<tag>
</tag>
<suite>
<stat pass="0" fail="1" id="s1" name="Category">Category</stat>
</suite>
</statistics>
<errors>
</errors>
</robot>
